<?xml version="1.0" encoding="UTF-8"?>
<!-- Generated by org.testng.reporters.JUnitReportReporter -->
<testsuite skipped="0" hostname="IN2374582W1" name="com.oop.encapsulationtest.SoftwareCompanyDetails" tests="1" failures="0" timestamp="11 Aug 2019 14:53:54 GMT" time="0.029" errors="0">
  <testcase name="employeeDetails" time="0.029" classname="com.oop.encapsulationtest.SoftwareCompanyDetails"/>
</testsuite> <!-- com.oop.encapsulationtest.SoftwareCompanyDetails -->
