<?xml version="1.0" encoding="UTF-8"?>
<!-- Generated by org.testng.reporters.JUnitReportReporter -->
<testsuite skipped="0" hostname="IN2374582W1" name="com.oop.encapsulationtest.BankAccountLogin" tests="1" failures="0" timestamp="29 Oct 2019 09:54:07 GMT" time="0.029" errors="0">
  <testcase name="createAccount" time="0.029" classname="com.oop.encapsulationtest.BankAccountLogin"/>
</testsuite> <!-- com.oop.encapsulationtest.BankAccountLogin -->
